Determining if the pthread_create exist failed with the following output:
Change Dir: /home/sima/opencv_test/build/CMakeFiles/CMakeTmp

Run Build Command:"/usr/bin/make" "cmTC_d65a8/fast"
/usr/bin/make -f CMakeFiles/cmTC_d65a8.dir/build.make CMakeFiles/cmTC_d65a8.dir/build
make[1]: Entering directory '/home/sima/opencv_test/build/CMakeFiles/CMakeTmp'
/usr/bin/cmake: /home/sima/anaconda2/lib/libcurl.so.4: no version information available (required by /usr/bin/cmake)
Building C object CMakeFiles/cmTC_d65a8.dir/CheckSymbolExists.c.o
/usr/bin/cc    -fPIC    -o CMakeFiles/cmTC_d65a8.dir/CheckSymbolExists.c.o   -c /home/sima/opencv_test/build/CMakeFiles/CMakeTmp/CheckSymbolExists.c
/usr/bin/cmake: /home/sima/anaconda2/lib/libcurl.so.4: no version information available (required by /usr/bin/cmake)
Linking C executable cmTC_d65a8
/usr/bin/cmake -E cmake_link_script CMakeFiles/cmTC_d65a8.dir/link.txt --verbose=1
/usr/bin/cmake: /home/sima/anaconda2/lib/libcurl.so.4: no version information available (required by /usr/bin/cmake)
/usr/bin/cc  -fPIC     CMakeFiles/cmTC_d65a8.dir/CheckSymbolExists.c.o  -o cmTC_d65a8 -rdynamic 
CMakeFiles/cmTC_d65a8.dir/CheckSymbolExists.c.o: In function `main':
CheckSymbolExists.c:(.text+0x1b): undefined reference to `pthread_create'
collect2: error: ld returned 1 exit status
CMakeFiles/cmTC_d65a8.dir/build.make:97: recipe for target 'cmTC_d65a8' failed
make[1]: *** [cmTC_d65a8] Error 1
make[1]: Leaving directory '/home/sima/opencv_test/build/CMakeFiles/CMakeTmp'
Makefile:126: recipe for target 'cmTC_d65a8/fast' failed
make: *** [cmTC_d65a8/fast] Error 2

File /home/sima/opencv_test/build/CMakeFiles/CMakeTmp/CheckSymbolExists.c:
/* */
#include <pthread.h>

int main(int argc, char** argv)
{
  (void)argv;
#ifndef pthread_create
  return ((int*)(&pthread_create))[argc];
#else
  (void)argc;
  return 0;
#endif
}

Determining if the function pthread_create exists in the pthreads failed with the following output:
Change Dir: /home/sima/opencv_test/build/CMakeFiles/CMakeTmp

Run Build Command:"/usr/bin/make" "cmTC_21fea/fast"
/usr/bin/make -f CMakeFiles/cmTC_21fea.dir/build.make CMakeFiles/cmTC_21fea.dir/build
make[1]: Entering directory '/home/sima/opencv_test/build/CMakeFiles/CMakeTmp'
/usr/bin/cmake: /home/sima/anaconda2/lib/libcurl.so.4: no version information available (required by /usr/bin/cmake)
Building C object CMakeFiles/cmTC_21fea.dir/CheckFunctionExists.c.o
/usr/bin/cc    -fPIC -DCHECK_FUNCTION_EXISTS=pthread_create   -o CMakeFiles/cmTC_21fea.dir/CheckFunctionExists.c.o   -c /usr/share/cmake-3.5/Modules/CheckFunctionExists.c
/usr/bin/cmake: /home/sima/anaconda2/lib/libcurl.so.4: no version information available (required by /usr/bin/cmake)
Linking C executable cmTC_21fea
/usr/bin/cmake -E cmake_link_script CMakeFiles/cmTC_21fea.dir/link.txt --verbose=1
/usr/bin/cmake: /home/sima/anaconda2/lib/libcurl.so.4: no version information available (required by /usr/bin/cmake)
/usr/bin/cc  -fPIC -DCHECK_FUNCTION_EXISTS=pthread_create    CMakeFiles/cmTC_21fea.dir/CheckFunctionExists.c.o  -o cmTC_21fea -rdynamic -lpthreads 
/usr/bin/ld: cannot find -lpthreads
collect2: error: ld returned 1 exit status
CMakeFiles/cmTC_21fea.dir/build.make:97: recipe for target 'cmTC_21fea' failed
make[1]: *** [cmTC_21fea] Error 1
make[1]: Leaving directory '/home/sima/opencv_test/build/CMakeFiles/CMakeTmp'
Makefile:126: recipe for target 'cmTC_21fea/fast' failed
make: *** [cmTC_21fea/fast] Error 2


